<?xml version="1.0" encoding="UTF-8"?>
<beans xmlns="http://www.springframework.org/schema/beans"
       xmlns:xsi="http://www.w3.org/2001/XMLSchema-instance"
       xsi:schemaLocation="http://www.springframework.org/schema/beans http://www.springframework.org/schema/beans/spring-beans-2.5.xsd">

    <bean id="bean4" class="org.systemsbiology.addama.commons.spring.mock.MockBean"/>
    <bean id="bean5" class="org.systemsbiology.addama.commons.spring.mock.MockBean"/>
    <bean id="bean6" class="org.systemsbiology.addama.commons.spring.mock.MockBean"/>
    
</beans>